<?xml version="1.0" encoding="UTF-8"?>
<!-- Generated by org.testng.reporters.JUnitReportReporter -->
<testsuite hostname="DESKTOP-SGJQPF4" failures="0" tests="3" name="Package.Redec2" time="55.316" errors="0" timestamp="2023-09-05T02:15:40 EET" skipped="0">
  <testcase classname="Package.Redec2" name="Base2" time="25.693"/>
  <testcase classname="Package.Redec2" name="Redec" time="21.544"/>
  <testcase classname="Package.Redec2" name="Login" time="8.079"/>
</testsuite> <!-- Package.Redec2 -->
