<?xml version="1.0" encoding="UTF-8"?>
<!-- Generated by org.testng.reporters.JUnitReportReporter -->
<testsuite hostname="DESKTOP-SGJQPF4" failures="0" tests="1" name="Package.Base" time="38.205" errors="0" timestamp="2023-09-08T15:15:05 EET" skipped="0">
  <testcase classname="Package.Base" name="Base" time="38.205"/>
</testsuite> <!-- Package.Base -->
