<?xml version="1.0" encoding="UTF-8"?>
<!-- Generated by org.testng.reporters.JUnitReportReporter -->
<testsuite hostname="DESKTOP-SGJQPF4" failures="0" tests="1" name="Package.Login" time="35.339" errors="0" timestamp="2023-09-16T22:24:01 EET" skipped="0">
  <testcase classname="Package.Login" name="Login" time="35.339"/>
</testsuite> <!-- Package.Login -->
