<?xml version="1.0" encoding="UTF-8"?>
<!-- Generated by org.testng.reporters.JUnitReportReporter -->
<testsuite hostname="DESKTOP-SGJQPF4" failures="0" tests="1" name="Package.donations" time="60.101" errors="0" timestamp="2023-09-16T01:11:59 EET" skipped="0">
  <testcase classname="Package.donations" name="donations" time="60.101"/>
</testsuite> <!-- Package.donations -->
