<?xml version="1.0" encoding="UTF-8"?>
<!-- Generated by org.testng.reporters.JUnitReportReporter -->
<testsuite hostname="DESKTOP-SGJQPF4" failures="0" tests="1" name="Package.NewTest" time="0.007" errors="0" timestamp="2023-08-26T01:21:13 EET" skipped="0">
  <testcase classname="Package.NewTest" name="f" time="0.007"/>
</testsuite> <!-- Package.NewTest -->
