<?xml version="1.0" encoding="UTF-8"?>
<!-- Generated by org.testng.reporters.JUnitReportReporter -->
<testsuite hostname="DESKTOP-SGJQPF4" failures="0" tests="1" name="Package.Base2" time="25.202" errors="0" timestamp="2023-09-02T22:55:16 EET" skipped="0">
  <testcase classname="Package.Base2" name="Base2" time="25.202"/>
</testsuite> <!-- Package.Base2 -->
