<?xml version="1.0" encoding="UTF-8"?>
<!-- Generated by org.testng.reporters.JUnitReportReporter -->
<testsuite hostname="DESKTOP-SGJQPF4" failures="0" tests="1" name="Package.Topup_Orange" time="77.002" errors="0" timestamp="2023-09-02T19:14:30 EET" skipped="0">
  <testcase classname="Package.Topup_Orange" name="Topup" time="77.002"/>
</testsuite> <!-- Package.Topup_Orange -->
