<?xml version="1.0" encoding="UTF-8"?>
<!-- Generated by org.testng.reporters.JUnitReportReporter -->
<testsuite hostname="DESKTOP-SGJQPF4" failures="0" tests="1" name="Package.Premium_Card" time="83.684" errors="0" timestamp="2023-08-31T01:13:07 EET" skipped="0">
  <testcase classname="Package.Premium_Card" name="Premium" time="83.684"/>
</testsuite> <!-- Package.Premium_Card -->
