<?xml version="1.0" encoding="UTF-8"?>
<!-- Generated by org.testng.reporters.JUnitReportReporter -->
<testsuite hostname="DESKTOP-SGJQPF4" failures="0" tests="1" name="Package.Topup" time="47.323" errors="0" timestamp="2023-09-01T01:22:36 EET" skipped="0">
  <testcase classname="Package.Topup" name="Redec" time="47.323"/>
</testsuite> <!-- Package.Topup -->
